{"uuid":"225b9609-6181-454e-85a0-93e3c3a13858","historyId":"4f79feeff292f30eb9fad7d0d93d7880","testCaseId":"[engine:junit-jupiter]/[class:test.IntegracoesTest]/[method:excluirIntegracao()]","testCaseName":"excluirIntegracao()","fullName":"test.IntegracoesTest.excluirIntegracao","labels":[{"name":"junit.platform.uniqueid","value":"[engine:junit-jupiter]/[class:test.IntegracoesTest]/[method:excluirIntegracao()]"},{"name":"host","value":"PMO-6410"},{"name":"thread","value":"13708@PMO-6410.main(1)"},{"name":"framework","value":"junit-platform"},{"name":"language","value":"java"},{"name":"package","value":"test.IntegracoesTest"},{"name":"testClass","value":"test.IntegracoesTest"},{"name":"testMethod","value":"excluirIntegracao"},{"name":"suite","value":"test.IntegracoesTest"}],"links":[],"name":"excluirIntegracao()","status":"failed","statusDetails":{"known":false,"muted":false,"flaky":false,"message":"Teste falhou devido à ElementNotInteractableException: element not interactable\n  (Session info: chrome=129.0.6668.90)\nBuild info: version: '4.22.0', revision: 'c5f3146703*'\nSystem info: os.name: 'Windows 11', os.arch: 'amd64', os.version: '10.0', java.version: '17.0.11'\nDriver info: org.openqa.selenium.chrome.ChromeDriver\nCommand: [44282d989294eb1cc9ae8f32190c197a, clickElement {id=f.92FBAC78FD5A25FD2E41FB07F5DAB724.d.68E70DB201D69C7C924187BF65E1A38F.e.57}]\nCapabilities {acceptInsecureCerts: false, browserName: chrome, browserVersion: 129.0.6668.90, chrome: {chromedriverVersion: 129.0.6668.100 (cf58cba358d..., userDataDir: C:\\Users\\JHONAT~1.ZEF\\AppDa...}, fedcm:accounts: true, goog:chromeOptions: {debuggerAddress: localhost:61523}, networkConnectionEnabled: false, pageLoadStrategy: normal, platformName: windows, proxy: Proxy(), se:cdp: ws://localhost:61523/devtoo..., se:cdpVersion: 129.0.6668.90, setWindowRect: true, strictFileInteractability: false, timeouts: {implicit: 0, pageLoad: 300000, script: 30000}, unhandledPromptBehavior: dismiss and notify, webauthn:extension:credBlob: true, webauthn:extension:largeBlob: true, webauthn:extension:minPinLength: true, webauthn:extension:prf: true, webauthn:virtualAuthenticators: true}\nElement: [[ChromeDriver: chrome on windows (44282d989294eb1cc9ae8f32190c197a)] -> id: ROLE_CONFIGURACOES]\nSession ID: 44282d989294eb1cc9ae8f32190c197a","trace":"java.lang.AssertionError: Teste falhou devido à ElementNotInteractableException: element not interactable\n  (Session info: chrome=129.0.6668.90)\nBuild info: version: '4.22.0', revision: 'c5f3146703*'\nSystem info: os.name: 'Windows 11', os.arch: 'amd64', os.version: '10.0', java.version: '17.0.11'\nDriver info: org.openqa.selenium.chrome.ChromeDriver\nCommand: [44282d989294eb1cc9ae8f32190c197a, clickElement {id=f.92FBAC78FD5A25FD2E41FB07F5DAB724.d.68E70DB201D69C7C924187BF65E1A38F.e.57}]\nCapabilities {acceptInsecureCerts: false, browserName: chrome, browserVersion: 129.0.6668.90, chrome: {chromedriverVersion: 129.0.6668.100 (cf58cba358d..., userDataDir: C:\\Users\\JHONAT~1.ZEF\\AppDa...}, fedcm:accounts: true, goog:chromeOptions: {debuggerAddress: localhost:61523}, networkConnectionEnabled: false, pageLoadStrategy: normal, platformName: windows, proxy: Proxy(), se:cdp: ws://localhost:61523/devtoo..., se:cdpVersion: 129.0.6668.90, setWindowRect: true, strictFileInteractability: false, timeouts: {implicit: 0, pageLoad: 300000, script: 30000}, unhandledPromptBehavior: dismiss and notify, webauthn:extension:credBlob: true, webauthn:extension:largeBlob: true, webauthn:extension:minPinLength: true, webauthn:extension:prf: true, webauthn:virtualAuthenticators: true}\nElement: [[ChromeDriver: chrome on windows (44282d989294eb1cc9ae8f32190c197a)] -> id: ROLE_CONFIGURACOES]\nSession ID: 44282d989294eb1cc9ae8f32190c197a\r\n\tat org.junit.Assert.fail(Assert.java:89)\r\n\tat pages.IntegracoesPage.criarIntegracao(IntegracoesPage.java:588)\r\n\tat test.IntegracoesTest.excluirIntegracao(IntegracoesTest.java:132)\r\n\tat java.base/java.lang.reflect.Method.invoke(Method.java:568)\r\n\tat java.base/java.util.ArrayList.forEach(ArrayList.java:1511)\r\n\tat java.base/java.util.ArrayList.forEach(ArrayList.java:1511)\r\n"},"stage":"finished","description":"","steps":[],"attachments":[],"parameters":[],"start":1728681145335,"stop":1728681153607}