{"uuid":"49e39974-ca6a-44e5-8c18-848d4d604b81","historyId":"d35afea2899afc04a46bfdacffb953f8","testCaseId":"[engine:junit-jupiter]/[class:test.IntegracoesTest]/[method:desativarIntegracao()]","testCaseName":"desativarIntegracao()","fullName":"test.IntegracoesTest.desativarIntegracao","labels":[{"name":"junit.platform.uniqueid","value":"[engine:junit-jupiter]/[class:test.IntegracoesTest]/[method:desativarIntegracao()]"},{"name":"host","value":"PMO-6410"},{"name":"thread","value":"13708@PMO-6410.main(1)"},{"name":"framework","value":"junit-platform"},{"name":"language","value":"java"},{"name":"package","value":"test.IntegracoesTest"},{"name":"testClass","value":"test.IntegracoesTest"},{"name":"testMethod","value":"desativarIntegracao"},{"name":"suite","value":"test.IntegracoesTest"}],"links":[],"name":"desativarIntegracao()","status":"failed","statusDetails":{"known":false,"muted":false,"flaky":false,"message":"Teste falhou devido à ElementNotInteractableException: element not interactable\n  (Session info: chrome=129.0.6668.90)\nBuild info: version: '4.22.0', revision: 'c5f3146703*'\nSystem info: os.name: 'Windows 11', os.arch: 'amd64', os.version: '10.0', java.version: '17.0.11'\nDriver info: org.openqa.selenium.chrome.ChromeDriver\nCommand: [a2bac50fe6378ba327ba10f2024b6478, clickElement {id=f.874134B1CC0D75D0CFAD24AC192ACD50.d.C2F63927512A62FD181B63C0D00FF879.e.61}]\nCapabilities {acceptInsecureCerts: false, browserName: chrome, browserVersion: 129.0.6668.90, chrome: {chromedriverVersion: 129.0.6668.100 (cf58cba358d..., userDataDir: C:\\Users\\JHONAT~1.ZEF\\AppDa...}, fedcm:accounts: true, goog:chromeOptions: {debuggerAddress: localhost:61552}, networkConnectionEnabled: false, pageLoadStrategy: normal, platformName: windows, proxy: Proxy(), se:cdp: ws://localhost:61552/devtoo..., se:cdpVersion: 129.0.6668.90, setWindowRect: true, strictFileInteractability: false, timeouts: {implicit: 0, pageLoad: 300000, script: 30000}, unhandledPromptBehavior: dismiss and notify, webauthn:extension:credBlob: true, webauthn:extension:largeBlob: true, webauthn:extension:minPinLength: true, webauthn:extension:prf: true, webauthn:virtualAuthenticators: true}\nElement: [[ChromeDriver: chrome on windows (a2bac50fe6378ba327ba10f2024b6478)] -> id: ROLE_CONFIGURACOES]\nSession ID: a2bac50fe6378ba327ba10f2024b6478","trace":"java.lang.AssertionError: Teste falhou devido à ElementNotInteractableException: element not interactable\n  (Session info: chrome=129.0.6668.90)\nBuild info: version: '4.22.0', revision: 'c5f3146703*'\nSystem info: os.name: 'Windows 11', os.arch: 'amd64', os.version: '10.0', java.version: '17.0.11'\nDriver info: org.openqa.selenium.chrome.ChromeDriver\nCommand: [a2bac50fe6378ba327ba10f2024b6478, clickElement {id=f.874134B1CC0D75D0CFAD24AC192ACD50.d.C2F63927512A62FD181B63C0D00FF879.e.61}]\nCapabilities {acceptInsecureCerts: false, browserName: chrome, browserVersion: 129.0.6668.90, chrome: {chromedriverVersion: 129.0.6668.100 (cf58cba358d..., userDataDir: C:\\Users\\JHONAT~1.ZEF\\AppDa...}, fedcm:accounts: true, goog:chromeOptions: {debuggerAddress: localhost:61552}, networkConnectionEnabled: false, pageLoadStrategy: normal, platformName: windows, proxy: Proxy(), se:cdp: ws://localhost:61552/devtoo..., se:cdpVersion: 129.0.6668.90, setWindowRect: true, strictFileInteractability: false, timeouts: {implicit: 0, pageLoad: 300000, script: 30000}, unhandledPromptBehavior: dismiss and notify, webauthn:extension:credBlob: true, webauthn:extension:largeBlob: true, webauthn:extension:minPinLength: true, webauthn:extension:prf: true, webauthn:virtualAuthenticators: true}\nElement: [[ChromeDriver: chrome on windows (a2bac50fe6378ba327ba10f2024b6478)] -> id: ROLE_CONFIGURACOES]\nSession ID: a2bac50fe6378ba327ba10f2024b6478\r\n\tat org.junit.Assert.fail(Assert.java:89)\r\n\tat pages.IntegracoesPage.criarIntegracao(IntegracoesPage.java:588)\r\n\tat test.IntegracoesTest.desativarIntegracao(IntegracoesTest.java:111)\r\n\tat java.base/java.lang.reflect.Method.invoke(Method.java:568)\r\n\tat java.base/java.util.ArrayList.forEach(ArrayList.java:1511)\r\n\tat java.base/java.util.ArrayList.forEach(ArrayList.java:1511)\r\n"},"stage":"finished","description":"","steps":[],"attachments":[],"parameters":[],"start":1728681153616,"stop":1728681162211}