{"uuid":"ab5c4035-b717-46ae-a941-64dae448d78a","historyId":"3c07435536ea17468f28d9adfc097b3a","testCaseId":"[engine:junit-jupiter]/[class:test.IntegracoesTest]/[method:editarIntegracao()]","testCaseName":"editarIntegracao()","fullName":"test.IntegracoesTest.editarIntegracao","labels":[{"name":"junit.platform.uniqueid","value":"[engine:junit-jupiter]/[class:test.IntegracoesTest]/[method:editarIntegracao()]"},{"name":"host","value":"PMO-6410"},{"name":"thread","value":"1944@PMO-6410.main(1)"},{"name":"framework","value":"junit-platform"},{"name":"language","value":"java"},{"name":"package","value":"test.IntegracoesTest"},{"name":"testClass","value":"test.IntegracoesTest"},{"name":"testMethod","value":"editarIntegracao"},{"name":"suite","value":"test.IntegracoesTest"}],"links":[],"name":"editarIntegracao()","status":"failed","statusDetails":{"known":false,"muted":false,"flaky":false,"message":"Teste falhou devido à ElementNotInteractableException: element not interactable\n  (Session info: chrome=129.0.6668.90)\nBuild info: version: '4.22.0', revision: 'c5f3146703*'\nSystem info: os.name: 'Windows 11', os.arch: 'amd64', os.version: '10.0', java.version: '17.0.11'\nDriver info: org.openqa.selenium.chrome.ChromeDriver\nCommand: [a9a65af3b2aec71a5bf2c28aa8b585dd, clickElement {id=f.4622E5C515266C711F1BB78E33DBB219.d.6163AC6450A716DCF6074433F9791C51.e.55}]\nCapabilities {acceptInsecureCerts: false, browserName: chrome, browserVersion: 129.0.6668.90, chrome: {chromedriverVersion: 129.0.6668.100 (cf58cba358d..., userDataDir: C:\\Users\\JHONAT~1.ZEF\\AppDa...}, fedcm:accounts: true, goog:chromeOptions: {debuggerAddress: localhost:61226}, networkConnectionEnabled: false, pageLoadStrategy: normal, platformName: windows, proxy: Proxy(), se:cdp: ws://localhost:61226/devtoo..., se:cdpVersion: 129.0.6668.90, setWindowRect: true, strictFileInteractability: false, timeouts: {implicit: 0, pageLoad: 300000, script: 30000}, unhandledPromptBehavior: dismiss and notify, webauthn:extension:credBlob: true, webauthn:extension:largeBlob: true, webauthn:extension:minPinLength: true, webauthn:extension:prf: true, webauthn:virtualAuthenticators: true}\nElement: [[ChromeDriver: chrome on windows (a9a65af3b2aec71a5bf2c28aa8b585dd)] -> id: ROLE_CONFIGURACOES]\nSession ID: a9a65af3b2aec71a5bf2c28aa8b585dd","trace":"java.lang.AssertionError: Teste falhou devido à ElementNotInteractableException: element not interactable\n  (Session info: chrome=129.0.6668.90)\nBuild info: version: '4.22.0', revision: 'c5f3146703*'\nSystem info: os.name: 'Windows 11', os.arch: 'amd64', os.version: '10.0', java.version: '17.0.11'\nDriver info: org.openqa.selenium.chrome.ChromeDriver\nCommand: [a9a65af3b2aec71a5bf2c28aa8b585dd, clickElement {id=f.4622E5C515266C711F1BB78E33DBB219.d.6163AC6450A716DCF6074433F9791C51.e.55}]\nCapabilities {acceptInsecureCerts: false, browserName: chrome, browserVersion: 129.0.6668.90, chrome: {chromedriverVersion: 129.0.6668.100 (cf58cba358d..., userDataDir: C:\\Users\\JHONAT~1.ZEF\\AppDa...}, fedcm:accounts: true, goog:chromeOptions: {debuggerAddress: localhost:61226}, networkConnectionEnabled: false, pageLoadStrategy: normal, platformName: windows, proxy: Proxy(), se:cdp: ws://localhost:61226/devtoo..., se:cdpVersion: 129.0.6668.90, setWindowRect: true, strictFileInteractability: false, timeouts: {implicit: 0, pageLoad: 300000, script: 30000}, unhandledPromptBehavior: dismiss and notify, webauthn:extension:credBlob: true, webauthn:extension:largeBlob: true, webauthn:extension:minPinLength: true, webauthn:extension:prf: true, webauthn:virtualAuthenticators: true}\nElement: [[ChromeDriver: chrome on windows (a9a65af3b2aec71a5bf2c28aa8b585dd)] -> id: ROLE_CONFIGURACOES]\nSession ID: a9a65af3b2aec71a5bf2c28aa8b585dd\r\n\tat org.junit.Assert.fail(Assert.java:89)\r\n\tat pages.IntegracoesPage.criarIntegracao(IntegracoesPage.java:588)\r\n\tat test.IntegracoesTest.editarIntegracao(IntegracoesTest.java:89)\r\n\tat java.base/java.lang.reflect.Method.invoke(Method.java:568)\r\n\tat java.base/java.util.ArrayList.forEach(ArrayList.java:1511)\r\n\tat java.base/java.util.ArrayList.forEach(ArrayList.java:1511)\r\n"},"stage":"finished","description":"","steps":[],"attachments":[],"parameters":[],"start":1728681005916,"stop":1728681015786}