{"uuid":"e09fac5b-6595-4c86-b43c-349da315ac7a","historyId":"4f79feeff292f30eb9fad7d0d93d7880","testCaseId":"[engine:junit-jupiter]/[class:test.IntegracoesTest]/[method:excluirIntegracao()]","testCaseName":"excluirIntegracao()","fullName":"test.IntegracoesTest.excluirIntegracao","labels":[{"name":"junit.platform.uniqueid","value":"[engine:junit-jupiter]/[class:test.IntegracoesTest]/[method:excluirIntegracao()]"},{"name":"host","value":"PMO-6410"},{"name":"thread","value":"1944@PMO-6410.main(1)"},{"name":"framework","value":"junit-platform"},{"name":"language","value":"java"},{"name":"package","value":"test.IntegracoesTest"},{"name":"testClass","value":"test.IntegracoesTest"},{"name":"testMethod","value":"excluirIntegracao"},{"name":"suite","value":"test.IntegracoesTest"}],"links":[],"name":"excluirIntegracao()","status":"failed","statusDetails":{"known":false,"muted":false,"flaky":false,"message":"Teste falhou devido à ElementNotInteractableException: element not interactable\n  (Session info: chrome=129.0.6668.90)\nBuild info: version: '4.22.0', revision: 'c5f3146703*'\nSystem info: os.name: 'Windows 11', os.arch: 'amd64', os.version: '10.0', java.version: '17.0.11'\nDriver info: org.openqa.selenium.chrome.ChromeDriver\nCommand: [c0bd05d9ca63efa641d51ff79917013d, clickElement {id=f.D4CA0E124DD276E0EB0BFEAA8EC14C3F.d.EEA2184160EA6AAFB09C586AC5004600.e.60}]\nCapabilities {acceptInsecureCerts: false, browserName: chrome, browserVersion: 129.0.6668.90, chrome: {chromedriverVersion: 129.0.6668.100 (cf58cba358d..., userDataDir: C:\\Users\\JHONAT~1.ZEF\\AppDa...}, fedcm:accounts: true, goog:chromeOptions: {debuggerAddress: localhost:61257}, networkConnectionEnabled: false, pageLoadStrategy: normal, platformName: windows, proxy: Proxy(), se:cdp: ws://localhost:61257/devtoo..., se:cdpVersion: 129.0.6668.90, setWindowRect: true, strictFileInteractability: false, timeouts: {implicit: 0, pageLoad: 300000, script: 30000}, unhandledPromptBehavior: dismiss and notify, webauthn:extension:credBlob: true, webauthn:extension:largeBlob: true, webauthn:extension:minPinLength: true, webauthn:extension:prf: true, webauthn:virtualAuthenticators: true}\nElement: [[ChromeDriver: chrome on windows (c0bd05d9ca63efa641d51ff79917013d)] -> id: ROLE_CONFIGURACOES]\nSession ID: c0bd05d9ca63efa641d51ff79917013d","trace":"java.lang.AssertionError: Teste falhou devido à ElementNotInteractableException: element not interactable\n  (Session info: chrome=129.0.6668.90)\nBuild info: version: '4.22.0', revision: 'c5f3146703*'\nSystem info: os.name: 'Windows 11', os.arch: 'amd64', os.version: '10.0', java.version: '17.0.11'\nDriver info: org.openqa.selenium.chrome.ChromeDriver\nCommand: [c0bd05d9ca63efa641d51ff79917013d, clickElement {id=f.D4CA0E124DD276E0EB0BFEAA8EC14C3F.d.EEA2184160EA6AAFB09C586AC5004600.e.60}]\nCapabilities {acceptInsecureCerts: false, browserName: chrome, browserVersion: 129.0.6668.90, chrome: {chromedriverVersion: 129.0.6668.100 (cf58cba358d..., userDataDir: C:\\Users\\JHONAT~1.ZEF\\AppDa...}, fedcm:accounts: true, goog:chromeOptions: {debuggerAddress: localhost:61257}, networkConnectionEnabled: false, pageLoadStrategy: normal, platformName: windows, proxy: Proxy(), se:cdp: ws://localhost:61257/devtoo..., se:cdpVersion: 129.0.6668.90, setWindowRect: true, strictFileInteractability: false, timeouts: {implicit: 0, pageLoad: 300000, script: 30000}, unhandledPromptBehavior: dismiss and notify, webauthn:extension:credBlob: true, webauthn:extension:largeBlob: true, webauthn:extension:minPinLength: true, webauthn:extension:prf: true, webauthn:virtualAuthenticators: true}\nElement: [[ChromeDriver: chrome on windows (c0bd05d9ca63efa641d51ff79917013d)] -> id: ROLE_CONFIGURACOES]\nSession ID: c0bd05d9ca63efa641d51ff79917013d\r\n\tat org.junit.Assert.fail(Assert.java:89)\r\n\tat pages.IntegracoesPage.criarIntegracao(IntegracoesPage.java:588)\r\n\tat test.IntegracoesTest.excluirIntegracao(IntegracoesTest.java:132)\r\n\tat java.base/java.lang.reflect.Method.invoke(Method.java:568)\r\n\tat java.base/java.util.ArrayList.forEach(ArrayList.java:1511)\r\n\tat java.base/java.util.ArrayList.forEach(ArrayList.java:1511)\r\n"},"stage":"finished","description":"","steps":[],"attachments":[],"parameters":[],"start":1728681015797,"stop":1728681026245}