{"uuid":"f3aa9d60-7a8c-4ae0-b5dd-d9d381d6037b","historyId":"d35afea2899afc04a46bfdacffb953f8","testCaseId":"[engine:junit-jupiter]/[class:test.IntegracoesTest]/[method:desativarIntegracao()]","testCaseName":"desativarIntegracao()","fullName":"test.IntegracoesTest.desativarIntegracao","labels":[{"name":"junit.platform.uniqueid","value":"[engine:junit-jupiter]/[class:test.IntegracoesTest]/[method:desativarIntegracao()]"},{"name":"host","value":"PMO-6410"},{"name":"thread","value":"1944@PMO-6410.main(1)"},{"name":"framework","value":"junit-platform"},{"name":"language","value":"java"},{"name":"package","value":"test.IntegracoesTest"},{"name":"testClass","value":"test.IntegracoesTest"},{"name":"testMethod","value":"desativarIntegracao"},{"name":"suite","value":"test.IntegracoesTest"}],"links":[],"name":"desativarIntegracao()","status":"failed","statusDetails":{"known":false,"muted":false,"flaky":false,"message":"Teste falhou devido à ElementNotInteractableException: element not interactable\n  (Session info: chrome=129.0.6668.90)\nBuild info: version: '4.22.0', revision: 'c5f3146703*'\nSystem info: os.name: 'Windows 11', os.arch: 'amd64', os.version: '10.0', java.version: '17.0.11'\nDriver info: org.openqa.selenium.chrome.ChromeDriver\nCommand: [1517ebdbeae11d3f44c2598ffc78a4da, clickElement {id=f.3BBFE43858891D15EBC710C8BF9992EC.d.9A38BA0D45E36516E61251F35E74542E.e.61}]\nCapabilities {acceptInsecureCerts: false, browserName: chrome, browserVersion: 129.0.6668.90, chrome: {chromedriverVersion: 129.0.6668.100 (cf58cba358d..., userDataDir: C:\\Users\\JHONAT~1.ZEF\\AppDa...}, fedcm:accounts: true, goog:chromeOptions: {debuggerAddress: localhost:61287}, networkConnectionEnabled: false, pageLoadStrategy: normal, platformName: windows, proxy: Proxy(), se:cdp: ws://localhost:61287/devtoo..., se:cdpVersion: 129.0.6668.90, setWindowRect: true, strictFileInteractability: false, timeouts: {implicit: 0, pageLoad: 300000, script: 30000}, unhandledPromptBehavior: dismiss and notify, webauthn:extension:credBlob: true, webauthn:extension:largeBlob: true, webauthn:extension:minPinLength: true, webauthn:extension:prf: true, webauthn:virtualAuthenticators: true}\nElement: [[ChromeDriver: chrome on windows (1517ebdbeae11d3f44c2598ffc78a4da)] -> id: ROLE_CONFIGURACOES]\nSession ID: 1517ebdbeae11d3f44c2598ffc78a4da","trace":"java.lang.AssertionError: Teste falhou devido à ElementNotInteractableException: element not interactable\n  (Session info: chrome=129.0.6668.90)\nBuild info: version: '4.22.0', revision: 'c5f3146703*'\nSystem info: os.name: 'Windows 11', os.arch: 'amd64', os.version: '10.0', java.version: '17.0.11'\nDriver info: org.openqa.selenium.chrome.ChromeDriver\nCommand: [1517ebdbeae11d3f44c2598ffc78a4da, clickElement {id=f.3BBFE43858891D15EBC710C8BF9992EC.d.9A38BA0D45E36516E61251F35E74542E.e.61}]\nCapabilities {acceptInsecureCerts: false, browserName: chrome, browserVersion: 129.0.6668.90, chrome: {chromedriverVersion: 129.0.6668.100 (cf58cba358d..., userDataDir: C:\\Users\\JHONAT~1.ZEF\\AppDa...}, fedcm:accounts: true, goog:chromeOptions: {debuggerAddress: localhost:61287}, networkConnectionEnabled: false, pageLoadStrategy: normal, platformName: windows, proxy: Proxy(), se:cdp: ws://localhost:61287/devtoo..., se:cdpVersion: 129.0.6668.90, setWindowRect: true, strictFileInteractability: false, timeouts: {implicit: 0, pageLoad: 300000, script: 30000}, unhandledPromptBehavior: dismiss and notify, webauthn:extension:credBlob: true, webauthn:extension:largeBlob: true, webauthn:extension:minPinLength: true, webauthn:extension:prf: true, webauthn:virtualAuthenticators: true}\nElement: [[ChromeDriver: chrome on windows (1517ebdbeae11d3f44c2598ffc78a4da)] -> id: ROLE_CONFIGURACOES]\nSession ID: 1517ebdbeae11d3f44c2598ffc78a4da\r\n\tat org.junit.Assert.fail(Assert.java:89)\r\n\tat pages.IntegracoesPage.criarIntegracao(IntegracoesPage.java:588)\r\n\tat test.IntegracoesTest.desativarIntegracao(IntegracoesTest.java:111)\r\n\tat java.base/java.lang.reflect.Method.invoke(Method.java:568)\r\n\tat java.base/java.util.ArrayList.forEach(ArrayList.java:1511)\r\n\tat java.base/java.util.ArrayList.forEach(ArrayList.java:1511)\r\n"},"stage":"finished","description":"","steps":[],"attachments":[],"parameters":[],"start":1728681026257,"stop":1728681036078}